<?xml version="1.0" encoding="UTF-8"?>
<coverage generated="1756197311519" clover="3.2.0">
  <project timestamp="1756197311519" name="All files">
    <metrics statements="5" coveredstatements="5" conditionals="2" coveredconditionals="2" methods="2" coveredmethods="2" elements="9" coveredelements="9" complexity="0" loc="5" ncloc="5" packages="1" files="1" classes="1"/>
    <file name="mehrwertsteuer.js" path="C:\Users\chris\Desktop\Techstarter\Github\github-actions-test\mehrwertsteuer\mehrwertsteuer.js">
      <metrics statements="5" coveredstatements="5" conditionals="2" coveredconditionals="2" methods="2" coveredmethods="2"/>
      <line num="3" count="7" type="stmt"/>
      <line num="5" count="7" type="stmt"/>
      <line num="10" count="3" type="stmt"/>
      <line num="11" count="3" type="stmt"/>
      <line num="14" count="1" type="stmt"/>
    </file>
  </project>
</coverage>
